<?xml version="1.0" encoding="UTF-8"?>
<testng-results ignored="0" total="1" passed="1" failed="0" skipped="0">
  <reporter-output>
  </reporter-output>
  <suite started-at="2023-09-26T12:10:37 IST" name="Test1" finished-at="2023-09-26T12:10:42 IST" duration-ms="5059">
    <groups>
    </groups>
    <test started-at="2023-09-26T12:10:37 IST" name="Tests" finished-at="2023-09-26T12:10:42 IST" duration-ms="5059">
      <class name="Attributes.DependencyAttribute">
        <test-method signature="OpenAmazonWebsite()[pri:0, instance:Attributes.DependencyAttribute@2133814f]" started-at="2023-09-26T12:10:37 IST" name="OpenAmazonWebsite" description="Open the Amazon app to shop online" finished-at="2023-09-26T12:10:42 IST" duration-ms="5010" status="PASS">
          <reporter-output>
          </reporter-output>
        </test-method> <!-- OpenAmazonWebsite -->
      </class> <!-- Attributes.DependencyAttribute -->
    </test> <!-- Tests -->
  </suite> <!-- Test1 -->
</testng-results>
