<?xml version="1.0" encoding="UTF-8"?>
<testng-results ignored="0" total="1" passed="1" failed="0" skipped="0">
  <reporter-output>
  </reporter-output>
  <suite started-at="2023-09-26T11:12:18 IST" name="Test1" finished-at="2023-09-26T11:12:23 IST" duration-ms="5042">
    <groups>
    </groups>
    <test started-at="2023-09-26T11:12:18 IST" name="Tests" finished-at="2023-09-26T11:12:23 IST" duration-ms="5042">
      <class name="org.example.DependencyAttribute">
        <test-method signature="OpenAmazonWebsite()[pri:0, instance:org.example.DependencyAttribute@27c86f2d]" started-at="2023-09-26T11:12:18 IST" name="OpenAmazonWebsite" description="Open the Amazon app to shop online" finished-at="2023-09-26T11:12:23 IST" duration-ms="5008" status="PASS">
          <reporter-output>
          </reporter-output>
        </test-method> <!-- OpenAmazonWebsite -->
      </class> <!-- org.example.DependencyAttribute -->
    </test> <!-- Tests -->
  </suite> <!-- Test1 -->
</testng-results>
