<?xml version="1.0" encoding="UTF-8"?>
<!-- Generated by org.testng.reporters.JUnitXMLReporter -->
<testsuite ignored="11" hostname="DESKTOP-4ISBQEN" failures="0" tests="1" name="Tests" time="5.054" errors="0" timestamp="2023-09-26T11:10:48 IST">
  <testcase classname="org.example.DependencyAttribute" name="OpenAmazonWebsite" time="5.019"/>
  <testcase classname="org.example.DependencyAttribute" name="addToCartOnAmazon" time="0.0">
    <ignored/>
  </testcase> <!-- addToCartOnAmazon -->
  <testcase classname="org.example.DependencyAttribute" name="purchaseOnFlipkart" time="0.0">
    <ignored/>
  </testcase> <!-- purchaseOnFlipkart -->
  <testcase classname="org.example.DependencyAttribute" name="loginOnFlipkart" time="0.0">
    <ignored/>
  </testcase> <!-- loginOnFlipkart -->
  <testcase classname="org.example.DependencyAttribute" name="addToCartOnFlipkart" time="0.0">
    <ignored/>
  </testcase> <!-- addToCartOnFlipkart -->
  <testcase classname="org.example.DependencyAttribute" name="registerOnAmazon" time="0.0">
    <ignored/>
  </testcase> <!-- registerOnAmazon -->
  <testcase classname="org.example.DependencyAttribute" name="makePaymentOnAmazon" time="0.0">
    <ignored/>
  </testcase> <!-- makePaymentOnAmazon -->
  <testcase classname="org.example.DependencyAttribute" name="loginOnAmazon" time="0.0">
    <ignored/>
  </testcase> <!-- loginOnAmazon -->
  <testcase classname="org.example.DependencyAttribute" name="openFlipkartWebsite" time="0.0">
    <ignored/>
  </testcase> <!-- openFlipkartWebsite -->
  <testcase classname="org.example.DependencyAttribute" name="makePaymentOnFlipkart" time="0.0">
    <ignored/>
  </testcase> <!-- makePaymentOnFlipkart -->
  <testcase classname="org.example.DependencyAttribute" name="registerOnFlipkart" time="0.0">
    <ignored/>
  </testcase> <!-- registerOnFlipkart -->
  <testcase classname="org.example.DependencyAttribute" name="purchaseOnAmazon" time="0.0">
    <ignored/>
  </testcase> <!-- purchaseOnAmazon -->
</testsuite> <!-- Tests -->
